<?xml version="1.0" encoding="utf-8" standalone="no"?>
<test-run id="2" testcasecount="252" result="Passed" total="1" passed="1" failed="0" inconclusive="0" skipped="0" asserts="13" engine-version="3.4.1.0" clr-version="4.0.30319.42000" start-time="2019-05-30 13:59:30Z" end-time="2019-05-30 14:00:45Z" duration="74.360528">
  <command-line><![CDATA[c:\nunit\bin\nunit3-console.exe  C:\ftp\nunitPlugin\lmiAutomation.dll --test LMIAutomation.Ignition.InstallTest.TC01_DefaultInstall --out testresult.xml --result=result20190530-035927PM.xml --out=buildlog20190530-035927PM.xml]]></command-line>
  <filter>
    <test>LMIAutomation.Ignition.InstallTest.TC01_DefaultInstall</test>
  </filter>
  <test-suite type="Assembly" id="0-1313" name="lmiAutomation.dll" fullname="C:\ftp\nunitPlugin\lmiAutomation.dll" runstate="Runnable" testcasecount="252" result="Passed" start-time="2019-05-30 13:59:30Z" end-time="2019-05-30 14:00:45Z" duration="74.201094" total="1" passed="1" failed="0" warnings="0" inconclusive="0" skipped="0" asserts="13">
    <environment framework-version="3.9.0.0" clr-version="4.0.30319.42000" os-version="Microsoft Windows NT 10.0.17763.0" platform="Win32NT" cwd="C:\ftp" machine-name="DESKTOP-GU5Q3ES" user="admin" user-domain="DESKTOP-GU5Q3ES" culture="en-US" uiculture="en-US" os-architecture="x64" />
    <settings>
      <setting name="WorkDirectory" value="C:\ftp" />
      <setting name="ImageRuntimeVersion" value="4.0.30319" />
      <setting name="ImageTargetFrameworkName" value=".NETFramework,Version=v4.6.1" />
      <setting name="ImageRequiresX86" value="False" />
      <setting name="ImageRequiresDefaultAppDomainAssemblyResolver" value="False" />
      <setting name="NumberOfTestWorkers" value="4" />
    </settings>
    <properties>
      <property name="_PID" value="6856" />
      <property name="_APPDOMAIN" value="test-domain-" />
    </properties>
    <test-suite type="SetUpFixture" id="0-1312" name="LMIAutomation" fullname="LMIAutomation.TestBase+TestBaseInit" classname="LMIAutomation.TestBase+TestBaseInit" runstate="Runnable" testcasecount="252" result="Passed" start-time="2019-05-30 13:59:31Z" end-time="2019-05-30 14:00:45Z" duration="74.110616" total="1" passed="1" failed="0" warnings="0" inconclusive="0" skipped="0" asserts="13">
      <test-suite type="TestSuite" id="0-1319" name="Ignition" fullname="LMIAutomation.Ignition" runstate="Runnable" testcasecount="39" result="Passed" start-time="2019-05-30 13:59:44Z" end-time="2019-05-30 14:00:45Z" duration="60.695196" total="1" passed="1" failed="0" warnings="0" inconclusive="0" skipped="0" asserts="13">
        <test-suite type="TestFixture" id="0-1204" name="InstallTest" fullname="LMIAutomation.Ignition.InstallTest" classname="LMIAutomation.Ignition.InstallTest" runstate="Runnable" testcasecount="3" result="Passed" start-time="2019-05-30 13:59:44Z" end-time="2019-05-30 14:00:45Z" duration="60.689218" total="1" passed="1" failed="0" warnings="0" inconclusive="0" skipped="0" asserts="13">
          <test-case id="0-1205" name="TC01_DefaultInstall" fullname="LMIAutomation.Ignition.InstallTest.TC01_DefaultInstall" methodname="TC01_DefaultInstall" classname="LMIAutomation.Ignition.InstallTest" runstate="Runnable" seed="554636413" result="Passed" start-time="2019-05-30 13:59:45Z" end-time="2019-05-30 14:00:45Z" duration="60.053354" asserts="12">
            <properties>
              <property name="Category" value="nightly" />
            </properties>
          </test-case>
        </test-suite>
      </test-suite>
    </test-suite>
  </test-suite>
</test-run>