<?xml version="1.0" encoding="utf-8" standalone="no"?>
<test-run id="2" testcasecount="252" result="Failed" total="3" passed="0" failed="3" inconclusive="0" skipped="0" asserts="3" engine-version="3.4.1.0" clr-version="4.0.30319.42000" start-time="2019-05-31 12:21:33Z" end-time="2019-05-31 12:21:44Z" duration="10.490190">
  <command-line><![CDATA[c:\nunit\bin\nunit3-console.exe  C:\ftp\nunitPlugin\lmiAutomation.dll --test LMIAutomation.Host.InstallTest.TC01_DefaultInstall,LMIAutomation.Host.InstallTest.TC02_ShowHost_ShowClient,LMIAutomation.Host.InstallTest.TC03_ShowHost_HideClient --out testresult.xml --result=resultLMIAutomation.Host.InstallTest-20190531-022133PM.xml --out=buildlogLMIAutomation.Host.InstallTest-20190531-022133PM.xml]]></command-line>
  <filter>
    <or>
      <test>LMIAutomation.Host.InstallTest.TC01_DefaultInstall</test>
      <test>LMIAutomation.Host.InstallTest.TC02_ShowHost_ShowClient</test>
      <test>LMIAutomation.Host.InstallTest.TC03_ShowHost_HideClient</test>
    </or>
  </filter>
  <test-suite type="Assembly" id="0-1313" name="lmiAutomation.dll" fullname="C:\ftp\nunitPlugin\lmiAutomation.dll" runstate="Runnable" testcasecount="252" result="Failed" site="Child" start-time="2019-05-31 12:21:34Z" end-time="2019-05-31 12:21:44Z" duration="10.439720" total="3" passed="0" failed="3" warnings="0" inconclusive="0" skipped="0" asserts="3">
    <environment framework-version="3.9.0.0" clr-version="4.0.30319.42000" os-version="Microsoft Windows NT 10.0.17763.0" platform="Win32NT" cwd="C:\ftp" machine-name="DESKTOP-GU5Q3ES" user="admin" user-domain="DESKTOP-GU5Q3ES" culture="en-US" uiculture="en-US" os-architecture="x64" />
    <settings>
      <setting name="WorkDirectory" value="C:\ftp" />
      <setting name="ImageRuntimeVersion" value="4.0.30319" />
      <setting name="ImageTargetFrameworkName" value=".NETFramework,Version=v4.6.1" />
      <setting name="ImageRequiresX86" value="False" />
      <setting name="ImageRequiresDefaultAppDomainAssemblyResolver" value="False" />
      <setting name="NumberOfTestWorkers" value="4" />
    </settings>
    <properties>
      <property name="_PID" value="10020" />
      <property name="_APPDOMAIN" value="test-domain-" />
    </properties>
    <failure>
      <message><![CDATA[One or more child tests had errors]]></message>
    </failure>
    <test-suite type="SetUpFixture" id="0-1312" name="LMIAutomation" fullname="LMIAutomation.TestBase+TestBaseInit" classname="LMIAutomation.TestBase+TestBaseInit" runstate="Runnable" testcasecount="252" result="Failed" site="Child" start-time="2019-05-31 12:21:34Z" end-time="2019-05-31 12:21:44Z" duration="10.417839" total="3" passed="0" failed="3" warnings="0" inconclusive="0" skipped="0" asserts="3">
      <failure>
        <message><![CDATA[One or more child tests had errors]]></message>
      </failure>
      <test-suite type="TestSuite" id="0-1320" name="Host" fullname="LMIAutomation.Host" runstate="Runnable" testcasecount="50" result="Failed" site="Child" start-time="2019-05-31 12:21:44Z" end-time="2019-05-31 12:21:44Z" duration="0.407224" total="3" passed="0" failed="3" warnings="0" inconclusive="0" skipped="0" asserts="3">
        <failure>
          <message><![CDATA[One or more child tests had errors]]></message>
        </failure>
        <test-suite type="TestFixture" id="0-1285" name="InstallTest" fullname="LMIAutomation.Host.InstallTest" classname="LMIAutomation.Host.InstallTest" runstate="Runnable" testcasecount="15" result="Failed" site="Child" start-time="2019-05-31 12:21:44Z" end-time="2019-05-31 12:21:44Z" duration="0.405098" total="3" passed="0" failed="3" warnings="0" inconclusive="0" skipped="0" asserts="3">
          <failure>
            <message><![CDATA[One or more child tests had errors]]></message>
          </failure>
          <test-case id="0-1288" name="TC01_DefaultInstall" fullname="LMIAutomation.Host.InstallTest.TC01_DefaultInstall" methodname="TC01_DefaultInstall" classname="LMIAutomation.Host.InstallTest" runstate="Runnable" seed="384098928" result="Failed" start-time="2019-05-31 12:21:44Z" end-time="2019-05-31 12:21:44Z" duration="0.210815" asserts="1">
            <properties>
              <property name="Category" value="nightly" />
            </properties>
            <failure>
              <message><![CDATA[  Expected: True
  But was:  False
]]></message>
              <stack-trace><![CDATA[   at LMIAutomation.Host.HostTest.TestSetup() in C:\Users\premenyi\Documents\lmiautomation\NUnitPlugin\Host\HostTest.cs:line 27
]]></stack-trace>
            </failure>
            <assertions>
              <assertion result="Failed">
                <message><![CDATA[  Expected: True
  But was:  False
]]></message>
                <stack-trace><![CDATA[   at LMIAutomation.Host.HostTest.TestSetup() in C:\Users\premenyi\Documents\lmiautomation\NUnitPlugin\Host\HostTest.cs:line 27
]]></stack-trace>
              </assertion>
            </assertions>
          </test-case>
          <test-case id="0-1289" name="TC02_ShowHost_ShowClient" fullname="LMIAutomation.Host.InstallTest.TC02_ShowHost_ShowClient" methodname="TC02_ShowHost_ShowClient" classname="LMIAutomation.Host.InstallTest" runstate="Runnable" seed="1522466481" result="Failed" start-time="2019-05-31 12:21:44Z" end-time="2019-05-31 12:21:44Z" duration="0.049198" asserts="1">
            <properties>
              <property name="Category" value="nightly" />
            </properties>
            <failure>
              <message><![CDATA[  Expected: True
  But was:  False
]]></message>
              <stack-trace><![CDATA[   at LMIAutomation.Host.HostTest.TestSetup() in C:\Users\premenyi\Documents\lmiautomation\NUnitPlugin\Host\HostTest.cs:line 27
]]></stack-trace>
            </failure>
            <assertions>
              <assertion result="Failed">
                <message><![CDATA[  Expected: True
  But was:  False
]]></message>
                <stack-trace><![CDATA[   at LMIAutomation.Host.HostTest.TestSetup() in C:\Users\premenyi\Documents\lmiautomation\NUnitPlugin\Host\HostTest.cs:line 27
]]></stack-trace>
              </assertion>
            </assertions>
          </test-case>
          <test-case id="0-1290" name="TC03_ShowHost_HideClient" fullname="LMIAutomation.Host.InstallTest.TC03_ShowHost_HideClient" methodname="TC03_ShowHost_HideClient" classname="LMIAutomation.Host.InstallTest" runstate="Runnable" seed="181220473" result="Failed" start-time="2019-05-31 12:21:44Z" end-time="2019-05-31 12:21:44Z" duration="0.054780" asserts="1">
            <properties>
              <property name="Category" value="nightly" />
            </properties>
            <failure>
              <message><![CDATA[  Expected: True
  But was:  False
]]></message>
              <stack-trace><![CDATA[   at LMIAutomation.Host.HostTest.TestSetup() in C:\Users\premenyi\Documents\lmiautomation\NUnitPlugin\Host\HostTest.cs:line 27
]]></stack-trace>
            </failure>
            <assertions>
              <assertion result="Failed">
                <message><![CDATA[  Expected: True
  But was:  False
]]></message>
                <stack-trace><![CDATA[   at LMIAutomation.Host.HostTest.TestSetup() in C:\Users\premenyi\Documents\lmiautomation\NUnitPlugin\Host\HostTest.cs:line 27
]]></stack-trace>
              </assertion>
            </assertions>
          </test-case>
        </test-suite>
      </test-suite>
    </test-suite>
  </test-suite>
</test-run>