<?xml version="1.0" encoding="utf-8" standalone="no"?>
<test-run id="2" testcasecount="252" result="Passed" total="1" passed="1" failed="0" inconclusive="0" skipped="0" asserts="11" engine-version="3.4.1.0" clr-version="4.0.30319.42000" start-time="2019-05-30 14:02:02Z" end-time="2019-05-30 14:03:11Z" duration="69.466492">
  <command-line><![CDATA[c:\nunit\bin\nunit3-console.exe  C:\ftp\nunitPlugin\lmiAutomation.dll --test LMIAutomation.Ignition.InstallTest.TC03_Validate_WindowsVersionProvider --out testresult.xml --result=result20190530-040159PM.xml --out=buildlog20190530-040159PM.xml]]></command-line>
  <filter>
    <test>LMIAutomation.Ignition.InstallTest.TC03_Validate_WindowsVersionProvider</test>
  </filter>
  <test-suite type="Assembly" id="0-1313" name="lmiAutomation.dll" fullname="C:\ftp\nunitPlugin\lmiAutomation.dll" runstate="Runnable" testcasecount="252" result="Passed" start-time="2019-05-30 14:02:02Z" end-time="2019-05-30 14:03:11Z" duration="69.271418" total="1" passed="1" failed="0" warnings="0" inconclusive="0" skipped="0" asserts="11">
    <environment framework-version="3.9.0.0" clr-version="4.0.30319.42000" os-version="Microsoft Windows NT 10.0.17763.0" platform="Win32NT" cwd="C:\ftp" machine-name="DESKTOP-GU5Q3ES" user="admin" user-domain="DESKTOP-GU5Q3ES" culture="en-US" uiculture="en-US" os-architecture="x64" />
    <settings>
      <setting name="WorkDirectory" value="C:\ftp" />
      <setting name="ImageRuntimeVersion" value="4.0.30319" />
      <setting name="ImageTargetFrameworkName" value=".NETFramework,Version=v4.6.1" />
      <setting name="ImageRequiresX86" value="False" />
      <setting name="ImageRequiresDefaultAppDomainAssemblyResolver" value="False" />
      <setting name="NumberOfTestWorkers" value="4" />
    </settings>
    <properties>
      <property name="_PID" value="5496" />
      <property name="_APPDOMAIN" value="test-domain-" />
    </properties>
    <test-suite type="SetUpFixture" id="0-1312" name="LMIAutomation" fullname="LMIAutomation.TestBase+TestBaseInit" classname="LMIAutomation.TestBase+TestBaseInit" runstate="Runnable" testcasecount="252" result="Passed" start-time="2019-05-30 14:02:02Z" end-time="2019-05-30 14:03:11Z" duration="69.164558" total="1" passed="1" failed="0" warnings="0" inconclusive="0" skipped="0" asserts="11">
      <test-suite type="TestSuite" id="0-1319" name="Ignition" fullname="LMIAutomation.Ignition" runstate="Runnable" testcasecount="39" result="Passed" start-time="2019-05-30 14:02:14Z" end-time="2019-05-30 14:03:11Z" duration="56.707037" total="1" passed="1" failed="0" warnings="0" inconclusive="0" skipped="0" asserts="11">
        <test-suite type="TestFixture" id="0-1204" name="InstallTest" fullname="LMIAutomation.Ignition.InstallTest" classname="LMIAutomation.Ignition.InstallTest" runstate="Runnable" testcasecount="3" result="Passed" start-time="2019-05-30 14:02:14Z" end-time="2019-05-30 14:03:11Z" duration="56.693785" total="1" passed="1" failed="0" warnings="0" inconclusive="0" skipped="0" asserts="11">
          <test-case id="0-1207" name="TC03_Validate_WindowsVersionProvider" fullname="LMIAutomation.Ignition.InstallTest.TC03_Validate_WindowsVersionProvider" methodname="TC03_Validate_WindowsVersionProvider" classname="LMIAutomation.Ignition.InstallTest" runstate="Runnable" seed="1227553194" result="Passed" start-time="2019-05-30 14:02:15Z" end-time="2019-05-30 14:03:11Z" duration="56.301987" asserts="10" />
        </test-suite>
      </test-suite>
    </test-suite>
  </test-suite>
</test-run>