<?xml version="1.0" encoding="utf-8" standalone="no"?>
<test-run id="2" testcasecount="252" result="Failed" total="3" passed="0" failed="3" inconclusive="0" skipped="0" asserts="1" engine-version="3.4.1.0" clr-version="4.0.30319.42000" start-time="2019-05-31 12:20:34Z" end-time="2019-05-31 12:21:26Z" duration="52.536389">
  <command-line><![CDATA[c:\nunit\bin\nunit3-console.exe  C:\ftp\nunitPlugin\lmiAutomation.dll --test LMIAutomation.Ignition.InstallTest.TC01_DefaultInstall,LMIAutomation.Ignition.InstallTest.TC02_Check_Copyright_Year,LMIAutomation.Ignition.InstallTest.TC03_Validate_WindowsVersionProvider --out testresult.xml --result=resultLMIAutomation.Ignition.InstallTest-20190531-022032PM.xml --out=buildlogLMIAutomation.Ignition.InstallTest-20190531-022032PM.xml]]></command-line>
  <filter>
    <or>
      <test>LMIAutomation.Ignition.InstallTest.TC01_DefaultInstall</test>
      <test>LMIAutomation.Ignition.InstallTest.TC02_Check_Copyright_Year</test>
      <test>LMIAutomation.Ignition.InstallTest.TC03_Validate_WindowsVersionProvider</test>
    </or>
  </filter>
  <test-suite type="Assembly" id="0-1313" name="lmiAutomation.dll" fullname="C:\ftp\nunitPlugin\lmiAutomation.dll" runstate="Runnable" testcasecount="252" result="Failed" site="Child" start-time="2019-05-31 12:20:34Z" end-time="2019-05-31 12:21:26Z" duration="52.473282" total="3" passed="0" failed="3" warnings="0" inconclusive="0" skipped="0" asserts="1">
    <environment framework-version="3.9.0.0" clr-version="4.0.30319.42000" os-version="Microsoft Windows NT 10.0.17763.0" platform="Win32NT" cwd="C:\ftp" machine-name="DESKTOP-GU5Q3ES" user="admin" user-domain="DESKTOP-GU5Q3ES" culture="en-US" uiculture="en-US" os-architecture="x64" />
    <settings>
      <setting name="WorkDirectory" value="C:\ftp" />
      <setting name="ImageRuntimeVersion" value="4.0.30319" />
      <setting name="ImageTargetFrameworkName" value=".NETFramework,Version=v4.6.1" />
      <setting name="ImageRequiresX86" value="False" />
      <setting name="ImageRequiresDefaultAppDomainAssemblyResolver" value="False" />
      <setting name="NumberOfTestWorkers" value="4" />
    </settings>
    <properties>
      <property name="_PID" value="8552" />
      <property name="_APPDOMAIN" value="test-domain-" />
    </properties>
    <failure>
      <message><![CDATA[One or more child tests had errors]]></message>
    </failure>
    <test-suite type="SetUpFixture" id="0-1312" name="LMIAutomation" fullname="LMIAutomation.TestBase+TestBaseInit" classname="LMIAutomation.TestBase+TestBaseInit" runstate="Runnable" testcasecount="252" result="Failed" site="Child" start-time="2019-05-31 12:20:34Z" end-time="2019-05-31 12:21:26Z" duration="52.445245" total="3" passed="0" failed="3" warnings="0" inconclusive="0" skipped="0" asserts="1">
      <failure>
        <message><![CDATA[One or more child tests had errors]]></message>
      </failure>
      <test-suite type="TestSuite" id="0-1319" name="Ignition" fullname="LMIAutomation.Ignition" runstate="Runnable" testcasecount="39" result="Failed" site="Child" start-time="2019-05-31 12:21:26Z" end-time="2019-05-31 12:21:26Z" duration="0.580705" total="3" passed="0" failed="3" warnings="0" inconclusive="0" skipped="0" asserts="1">
        <failure>
          <message><![CDATA[One or more child tests had errors]]></message>
        </failure>
        <test-suite type="TestFixture" id="0-1204" name="InstallTest" fullname="LMIAutomation.Ignition.InstallTest" classname="LMIAutomation.Ignition.InstallTest" runstate="Runnable" testcasecount="3" result="Failed" site="SetUp" start-time="2019-05-31 12:21:26Z" end-time="2019-05-31 12:21:26Z" duration="0.574069" total="3" passed="0" failed="3" warnings="0" inconclusive="0" skipped="0" asserts="1">
          <failure>
            <message><![CDATA[  Expected: True
  But was:  False
]]></message>
            <stack-trace><![CDATA[   at LMIAutomation.Ignition.IgnitionTest.FixtureSetup() in C:\Users\premenyi\Documents\lmiautomation\NUnitPlugin\Ignition\IgnitionTest.cs:line 35
]]></stack-trace>
          </failure>
          <test-case id="0-1205" name="TC01_DefaultInstall" fullname="LMIAutomation.Ignition.InstallTest.TC01_DefaultInstall" methodname="TC01_DefaultInstall" classname="LMIAutomation.Ignition.InstallTest" runstate="Runnable" seed="853980712" result="Failed" site="Parent" start-time="0001-01-01 00:00:00Z" end-time="0001-01-01 00:00:00Z" duration="0.000000" asserts="0">
            <properties>
              <property name="Category" value="nightly" />
            </properties>
            <failure>
              <message><![CDATA[OneTimeSetUp:   Expected: True
  But was:  False
]]></message>
            </failure>
          </test-case>
          <test-case id="0-1206" name="TC02_Check_Copyright_Year" fullname="LMIAutomation.Ignition.InstallTest.TC02_Check_Copyright_Year" methodname="TC02_Check_Copyright_Year" classname="LMIAutomation.Ignition.InstallTest" runstate="Runnable" seed="1255711403" result="Failed" site="Parent" start-time="0001-01-01 00:00:00Z" end-time="0001-01-01 00:00:00Z" duration="0.000000" asserts="0">
            <failure>
              <message><![CDATA[OneTimeSetUp:   Expected: True
  But was:  False
]]></message>
            </failure>
          </test-case>
          <test-case id="0-1207" name="TC03_Validate_WindowsVersionProvider" fullname="LMIAutomation.Ignition.InstallTest.TC03_Validate_WindowsVersionProvider" methodname="TC03_Validate_WindowsVersionProvider" classname="LMIAutomation.Ignition.InstallTest" runstate="Runnable" seed="2063458410" result="Failed" site="Parent" start-time="0001-01-01 00:00:00Z" end-time="0001-01-01 00:00:00Z" duration="0.000000" asserts="0">
            <failure>
              <message><![CDATA[OneTimeSetUp:   Expected: True
  But was:  False
]]></message>
            </failure>
          </test-case>
        </test-suite>
      </test-suite>
    </test-suite>
  </test-suite>
</test-run>